<?xml version="1.0" encoding="UTF-8"?>
<testsuite xmlns:xsi="http://www.w3.org/2001/XMLSchema-instance" xsi:noNamespaceSchemaLocation="https://maven.apache.org/surefire/maven-surefire-plugin/xsd/surefire-test-report.xsd" name="tests.Tests_Calculs" time="0.014" tests="4" errors="0" skipped="0" failures="0">
  <properties>
[...]
</properties>
  <testcase name="Multiplicar" classname="tests.Tests_Calculs" time="0.007"/>
  <testcase name="Restar" classname="tests.Tests_Calculs" time="0.001"/>
  <testcase name="Dividir" classname="tests.Tests_Calculs" time="0.001"/>
  <testcase name="Sumar" classname="tests.Tests_Calculs" time="0"/>
</testsuite>